<?xml version="1.0" encoding="UTF-8"?>
<!-- Generated by org.testng.reporters.JUnitReportReporter -->
<testsuite hostname="DESKTOP-Q4SOP3C" failures="0" tests="4" name="com.testngpackage.testng01" time="0.021" errors="0" timestamp="2026-03-03T15:29:35 IST" skipped="0">
  <testcase classname="com.testngpackage.testng01" name="f" time="0.010"/>
  <testcase classname="com.testngpackage.testng01" name="testcase02" time="0.003"/>
  <testcase classname="com.testngpackage.testng01" name="f" time="0.004"/>
  <testcase classname="com.testngpackage.testng01" name="testcase01" time="0.004"/>
</testsuite> <!-- com.testngpackage.testng01 -->
